<?xml version="1.0" encoding="UTF-8"?>
<!-- Generated by org.testng.reporters.JUnitXMLReporter -->
<testsuite ignored="0" hostname="DESKTOP-VCORFTU" failures="0" tests="8" name="Default test" time="56.996" errors="0" timestamp="2025-09-02T11:33:28 IST">
  <testcase classname="com.project.tests.HomePageTest" name="verifyLogoDisplayed" time="0.141"/>
  <testcase classname="com.project.tests.HomePageTest" name="verifyHomePageTitle" time="0.056"/>
  <testcase classname="com.project.tests.HomePageTest" name="verifyNavigationToProducts" time="4.121"/>
  <testcase classname="com.project.tests.HomePageTest" name="verifyNavigationToSignupLogin" time="1.511"/>
  <testcase classname="com.project.tests.HomePageTest" name="verifyNavigationToTestCases" time="1.606"/>
  <testcase classname="com.project.tests.HomePageTest" name="verifyNavigationToApiTesting" time="1.613"/>
  <testcase classname="com.project.tests.HomePageTest" name="verifyNavigationToContactUs" time="2.544"/>
  <testcase classname="com.project.tests.HomePageTest" name="verifyNavigationToCart" time="1.469"/>
</testsuite> <!-- Default test -->
