<?xml version="1.0" encoding="UTF-8"?>
<testng-results ignored="0" total="1" passed="1" failed="0" skipped="0">
  <reporter-output>
  </reporter-output>
  <suite started-at="2025-09-02T14:40:03 IST" name="Default suite" finished-at="2025-09-02T14:40:23 IST" duration-ms="19668">
    <groups>
    </groups>
    <test started-at="2025-09-02T14:40:03 IST" name="Default test" finished-at="2025-09-02T14:40:23 IST" duration-ms="19668">
      <class name="com.project.tests.ApiPageTest">
        <test-method is-config="true" signature="setup()[pri:0, instance:com.project.tests.ApiPageTest@6c40365c]" started-at="2025-09-02T14:40:03 IST" name="setup" finished-at="2025-09-02T14:40:08 IST" duration-ms="4417" status="PASS">
          <reporter-output>
          </reporter-output>
        </test-method> <!-- setup -->
        <test-method signature="testClickAllApis()[pri:0, instance:com.project.tests.ApiPageTest@6c40365c]" started-at="2025-09-02T14:40:08 IST" name="testClickAllApis" finished-at="2025-09-02T14:40:23 IST" duration-ms="15117" status="PASS">
          <reporter-output>
          </reporter-output>
        </test-method> <!-- testClickAllApis -->
        <test-method is-config="true" signature="tearDown()[pri:0, instance:com.project.tests.ApiPageTest@6c40365c]" started-at="2025-09-02T14:40:23 IST" name="tearDown" finished-at="2025-09-02T14:40:23 IST" duration-ms="114" status="PASS">
          <reporter-output>
          </reporter-output>
        </test-method> <!-- tearDown -->
      </class> <!-- com.project.tests.ApiPageTest -->
    </test> <!-- Default test -->
  </suite> <!-- Default suite -->
</testng-results>
